2020/10/22 01:15:11 server: listen: listen tcp4 0.0.0.0:50000: bind: address already in use
2020/10/22 01:15:38 server: listening
2020/10/22 02:27:44 centos: Pulling from mec/docker-repo
Digest: sha256:fc4a234b91cc4b542bac8a6ad23b2ddcee60ae68fc4dbd4a52efb5f1b0baad71
Status: Image is up to date for registry.gitlab.example.com/mec/docker-repo:centos
registry.gitlab.example.com/mec/docker-repo:centos
2020/10/22 02:27:49 server: conn: read  602 size
2020/10/22 02:27:51 verify success
2020/10/22 02:27:59 Error 1064: You have an error in your SQL syntax; check the manual that corresponds to your MySQL server version for the right syntax to use near 's a authorized docker image
7.95
')' at line 2
2020/10/22 02:32:12 centos: Pulling from mec/docker-repo
Digest: sha256:fc4a234b91cc4b542bac8a6ad23b2ddcee60ae68fc4dbd4a52efb5f1b0baad71
Status: Image is up to date for registry.gitlab.example.com/mec/docker-repo:centos
registry.gitlab.example.com/mec/docker-repo:centos
2020/10/22 02:32:17 server: conn: read  602 size
2020/10/22 02:32:19 verify success
2020/10/22 02:32:27 HTML report at reports/html/analysis-registry.gitlab.example.com-mec-docker-repo-centos.html
It is a authorized docker image
7.95
2020/10/22 02:32:34 Resign Success
2020/10/22 02:33:53 bad: Pulling from mec/docker-repo
f2d1d709a1da: Pulling fs layer
7575baebb764: Pulling fs layer
23d07787dfcf: Pulling fs layer
a132589aa1fd: Pulling fs layer
a319f81f33b0: Pulling fs layer
748bcc2d8ac1: Pulling fs layer
1610ea7206eb: Pulling fs layer
6a8397d18d91: Pulling fs layer
562ce0a0cee1: Pulling fs layer
e0dd65cd9f2c: Pulling fs layer
a9519f98f4c4: Pulling fs layer
7abaf95476b3: Pulling fs layer
a132589aa1fd: Waiting
a319f81f33b0: Waiting
33d30f2f93de: Pulling fs layer
b5f9b51ff826: Pulling fs layer
562ce0a0cee1: Waiting
c2b4db4ecf17: Pulling fs layer
748bcc2d8ac1: Waiting
da1e7c4112dc: Pulling fs layer
e0dd65cd9f2c: Waiting
04491f80ccd8: Pulling fs layer
1610ea7206eb: Waiting
a9519f98f4c4: Waiting
31fcd3a821c4: Pulling fs layer
6e76993624b8: Pulling fs layer
2efaafe575bb: Pulling fs layer
7abaf95476b3: Waiting
6a8397d18d91: Waiting
33d30f2f93de: Waiting
04491f80ccd8: Waiting
c2b4db4ecf17: Waiting
b5f9b51ff826: Waiting
31fcd3a821c4: Waiting
da1e7c4112dc: Waiting
2efaafe575bb: Waiting
6e76993624b8: Waiting
23d07787dfcf: Verifying Checksum
23d07787dfcf: Download complete
a132589aa1fd: Verifying Checksum
a132589aa1fd: Download complete
a319f81f33b0: Download complete
748bcc2d8ac1: Verifying Checksum
748bcc2d8ac1: Download complete
1610ea7206eb: Verifying Checksum
1610ea7206eb: Download complete
6a8397d18d91: Verifying Checksum
6a8397d18d91: Download complete
f2d1d709a1da: Verifying Checksum
f2d1d709a1da: Download complete
7575baebb764: Verifying Checksum
7575baebb764: Download complete
a9519f98f4c4: Verifying Checksum
a9519f98f4c4: Download complete
7abaf95476b3: Verifying Checksum
7abaf95476b3: Download complete
33d30f2f93de: Verifying Checksum
33d30f2f93de: Download complete
b5f9b51ff826: Verifying Checksum
b5f9b51ff826: Download complete
c2b4db4ecf17: Verifying Checksum
c2b4db4ecf17: Download complete
da1e7c4112dc: Verifying Checksum
da1e7c4112dc: Download complete
e0dd65cd9f2c: Verifying Checksum
e0dd65cd9f2c: Download complete
31fcd3a821c4: Verifying Checksum
31fcd3a821c4: Download complete
6e76993624b8: Verifying Checksum
6e76993624b8: Download complete
2efaafe575bb: Verifying Checksum
2efaafe575bb: Download complete
04491f80ccd8: Verifying Checksum
04491f80ccd8: Download complete
562ce0a0cee1: Verifying Checksum
562ce0a0cee1: Download complete
f2d1d709a1da: Pull complete
7575baebb764: Pull complete
23d07787dfcf: Pull complete
a132589aa1fd: Pull complete
a319f81f33b0: Pull complete
748bcc2d8ac1: Pull complete
1610ea7206eb: Pull complete
6a8397d18d91: Pull complete
562ce0a0cee1: Pull complete
e0dd65cd9f2c: Pull complete
a9519f98f4c4: Pull complete
7abaf95476b3: Pull complete
33d30f2f93de: Pull complete
b5f9b51ff826: Pull complete
c2b4db4ecf17: Pull complete
da1e7c4112dc: Pull complete
04491f80ccd8: Pull complete
31fcd3a821c4: Pull complete
6e76993624b8: Pull complete
2efaafe575bb: Pull complete
Digest: sha256:e3eff861020a952e27e41618e947a3ad7419f9151398542e829c7d29eb389d8a
Status: Downloaded newer image for registry.gitlab.example.com/mec/docker-repo:bad
registry.gitlab.example.com/mec/docker-repo:bad
2020/10/22 02:33:58 server: conn: read  1180 size
2020/10/22 02:33:58 server: conn: read  1180 size
2020/10/22 02:33:58 server: conn: read  1180 size
2020/10/22 02:33:58 server: conn: read  1180 size
2020/10/22 02:33:58 server: conn: read  24 size
2020/10/22 02:33:58 server: conn: read  1180 size
2020/10/22 02:33:58 server: conn: read  1180 size
2020/10/22 02:33:58 server: conn: read  1180 size
2020/10/22 02:33:58 server: conn: read  1180 size
2020/10/22 02:33:58 server: conn: read  1180 size
2020/10/22 02:34:08 verify success
2020/10/22 02:34:37 HTML report at reports/html/analysis-registry.gitlab.example.com-mec-docker-repo-bad.html
-----<Alert> This Image is alot Vulnerability detection-----
Untagged: registry.gitlab.example.com/mec/docker-repo:bad
Untagged: registry.gitlab.example.com/mec/docker-repo@sha256:e3eff861020a952e27e41618e947a3ad7419f9151398542e829c7d29eb389d8a
Deleted: sha256:abd4f451ddb707c8e68a36d695456a515cdd6f9581b7a8348a380030a6fd7689
Deleted: sha256:6be144cd6ad89f28ac579f24be89fa9faebf6352c3d4100fd8a09c90e7342533
Deleted: sha256:2ef6b9806fae4c0088522b78d51e974111b8023ce23f4b6cbd7b4faac0c3886e
Deleted: sha256:956ddde9853b16d6850a86cdb96dab18f35b33494f90d15b83671d68d5f97265
Deleted: sha256:69d405daa0491eaa48acd7fe195e962c87a42b3da9096c6b16f2d81898f9bd89
Deleted: sha256:c2b7503a9ed656b52cb52f9825768cf0d0ded79ad2d488024be35d9d1ac08b0e
Deleted: sha256:bc6b9c1b1db36f6508923aeda3324283ac9cbd07db825498e2be8a73117c1ae7
Deleted: sha256:ef9540cee84d2590578648dca37ed630e0062f19d291fb73ae2c028eb41f8670
Deleted: sha256:473181bfe6ad355566fa6857bbdb1232e50e4501cc98d4b401c8a8b46e675b5b
Deleted: sha256:141586b7e295a218f561f7f96032ba744f839724e89a654b9a11642cffd32fc0
Deleted: sha256:8b7948e0d25e40298b51c71e7f0706e379e9161561f00eb849b14e437f734c88
Deleted: sha256:6cca7df9243b7d8f4ecd4fb760be901d2e2bd50bf16f48a14702b7c5a88b0e06
Deleted: sha256:a87b069d365a547ff55b22b5ccc294813790d6efcb524e23963a76af853ece05
Deleted: sha256:523c931b9e4e3b6e8ad7ecd6faec36b56b14c4a6e5a4df0c9f61b7a24f231d5a
Deleted: sha256:3414506356022cb72e5c6fe764b504e32b91a9d89c004b684222f74c00d5de78
Deleted: sha256:b469bb4b331263315f11d51c62da80f0239fb54820f16ee328294efa37b66e50
Deleted: sha256:473867295fbaf79e46f3218fa5eb3972b36c147a3a77b37163b8ba9ab0061d46
Deleted: sha256:d8d29390f0e85022c1b8e1ddabfc9b97f1a09a59277c77cac3cd5d6d51b2a858
Deleted: sha256:1194c02c61d885d8fc3e1f4a9b757b76fb1790a9a2e349e047a5a90d20126746
Deleted: sha256:80254cb5516171c463d78a55719090377736f66e2e80e271dd98d2c4d7ce583d
Deleted: sha256:9c2f1836d49346677f8280bf0eb89c20853f6af4aa6e2fad87b0000bb181fad2
Remove Image on GitLab
  200
Delete your a docker image
1942.55
